2018/12/15 11:49:56 [error] [php] Undefined variable: sysMessage (E:\projects\yiiroot\trackstar\protected\views\project\index.php:12)
Stack trace:
#0 E:\projects\yiiroot\framework\web\CController.php(833): ProjectController->renderFile()
#1 E:\projects\yiiroot\framework\web\CController.php(746): ProjectController->renderPartial()
#2 E:\projects\yiiroot\trackstar\protected\controllers\ProjectController.php(152): ProjectController->render()
#3 E:\projects\yiiroot\framework\web\actions\CInlineAction.php(57): ProjectController->actionIndex()
#4 E:\projects\yiiroot\framework\web\CController.php(300): CInlineAction->run()
#5 E:\projects\yiiroot\framework\web\filters\CFilterChain.php(133): ProjectController->runAction()
#6 E:\projects\yiiroot\framework\web\filters\CFilter.php(41): CFilterChain->run()
#7 E:\projects\yiiroot\framework\web\CController.php(1084): CAccessControlFilter->filter()
#8 E:\projects\yiiroot\framework\web\filters\CInlineFilter.php(59): ProjectController->filterAccessControl()
#9 E:\projects\yiiroot\framework\web\filters\CFilterChain.php(130): CInlineFilter->filter()
#10 E:\projects\yiiroot\framework\web\CController.php(283): CFilterChain->run()
#11 E:\projects\yiiroot\framework\web\CController.php(257): ProjectController->runActionWithFilters()
#12 E:\projects\yiiroot\framework\web\CWebApplication.php(324): ProjectController->run()
#13 E:\projects\yiiroot\framework\web\CWebApplication.php(121): CWebApplication->runController()
#14 E:\projects\yiiroot\framework\base\CApplication.php(135): CWebApplication->processRequest()
#15 E:\projects\yiiroot\trackstar\index.php(13): CWebApplication->run()
REQUEST_URI=/yiiroot/trackstar/index.php?r=project/index
in E:\projects\yiiroot\trackstar\protected\views\project\index.php (12)
in E:\projects\yiiroot\trackstar\protected\controllers\ProjectController.php (152)
in E:\projects\yiiroot\trackstar\index.php (13)
2018/12/15 11:56:24 [error] [exception.CHttpException.403] exception 'CHttpException' with message 'You are not authorized to perform this action.' in E:\projects\yiiroot\trackstar\protected\modules\admin\AdminModule.php:26
Stack trace:
#0 E:\projects\yiiroot\framework\web\CController.php(255): AdminModule->beforeControllerAction(Object(SysMessageController), Object(CInlineAction))
#1 E:\projects\yiiroot\framework\web\CWebApplication.php(324): CController->run('index')
#2 E:\projects\yiiroot\framework\web\CWebApplication.php(121): CWebApplication->runController('admin/sysMessag...')
#3 E:\projects\yiiroot\framework\base\CApplication.php(135): CWebApplication->processRequest()
#4 E:\projects\yiiroot\trackstar\index.php(13): CApplication->run()
#5 {main} REQUEST_URI=/yiiroot/trackstar/index.php?r=admin/sysMessage/index
2018/12/15 11:56:48 [error] [exception.CHttpException.404] exception 'CHttpException' with message 'Unable to resolve the request "admin/project/index".' in E:\projects\yiiroot\framework\web\CWebApplication.php:328
Stack trace:
#0 E:\projects\yiiroot\framework\web\CWebApplication.php(121): CWebApplication->runController('admin/project/i...')
#1 E:\projects\yiiroot\framework\base\CApplication.php(135): CWebApplication->processRequest()
#2 E:\projects\yiiroot\trackstar\index.php(13): CApplication->run()
#3 {main} REQUEST_URI=/yiiroot/trackstar/index.php?r=admin/project/index
2018/12/15 11:57:10 [error] [exception.CHttpException.404] exception 'CHttpException' with message 'Unable to resolve the request "admin/user/index".' in E:\projects\yiiroot\framework\web\CWebApplication.php:328
Stack trace:
#0 E:\projects\yiiroot\framework\web\CWebApplication.php(121): CWebApplication->runController('admin/user/inde...')
#1 E:\projects\yiiroot\framework\base\CApplication.php(135): CWebApplication->processRequest()
#2 E:\projects\yiiroot\trackstar\index.php(13): CApplication->run()
#3 {main} REQUEST_URI=/yiiroot/trackstar/index.php?r=admin/user/index
2018/12/15 12:03:53 [error] [php] Undefined variable: nbsp (E:\projects\yiiroot\trackstar\protected\views\project\index.php:14)
Stack trace:
#0 E:\projects\yiiroot\framework\web\CController.php(833): ProjectController->renderFile()
#1 E:\projects\yiiroot\framework\web\CController.php(746): ProjectController->renderPartial()
#2 E:\projects\yiiroot\trackstar\protected\controllers\ProjectController.php(163): ProjectController->render()
#3 E:\projects\yiiroot\framework\web\actions\CInlineAction.php(57): ProjectController->actionIndex()
#4 E:\projects\yiiroot\framework\web\CController.php(300): CInlineAction->run()
#5 E:\projects\yiiroot\framework\web\filters\CFilterChain.php(133): ProjectController->runAction()
#6 E:\projects\yiiroot\framework\web\filters\CFilter.php(41): CFilterChain->run()
#7 E:\projects\yiiroot\framework\web\CController.php(1084): CAccessControlFilter->filter()
#8 E:\projects\yiiroot\framework\web\filters\CInlineFilter.php(59): ProjectController->filterAccessControl()
#9 E:\projects\yiiroot\framework\web\filters\CFilterChain.php(130): CInlineFilter->filter()
#10 E:\projects\yiiroot\framework\web\CController.php(283): CFilterChain->run()
#11 E:\projects\yiiroot\framework\web\CController.php(257): ProjectController->runActionWithFilters()
#12 E:\projects\yiiroot\framework\web\CWebApplication.php(324): ProjectController->run()
#13 E:\projects\yiiroot\framework\web\CWebApplication.php(121): CWebApplication->runController()
#14 E:\projects\yiiroot\framework\base\CApplication.php(135): CWebApplication->processRequest()
#15 E:\projects\yiiroot\trackstar\index.php(13): CWebApplication->run()
REQUEST_URI=/yiiroot/trackstar/index.php?r=project/index
in E:\projects\yiiroot\trackstar\protected\views\project\index.php (14)
in E:\projects\yiiroot\trackstar\protected\controllers\ProjectController.php (163)
in E:\projects\yiiroot\trackstar\index.php (13)
2018/12/15 12:05:27 [warning] [application] Failed to set unsafe attribute "create_time".
in E:\projects\yiiroot\trackstar\protected\modules\admin\controllers\SysMessageController.php (108)
in E:\projects\yiiroot\trackstar\index.php (13)
2018/12/15 12:05:27 [warning] [application] Failed to set unsafe attribute "create_user_id".
in E:\projects\yiiroot\trackstar\protected\modules\admin\controllers\SysMessageController.php (108)
in E:\projects\yiiroot\trackstar\index.php (13)
2018/12/15 12:05:27 [warning] [application] Failed to set unsafe attribute "update_time".
in E:\projects\yiiroot\trackstar\protected\modules\admin\controllers\SysMessageController.php (108)
in E:\projects\yiiroot\trackstar\index.php (13)
2018/12/15 12:05:27 [warning] [application] Failed to set unsafe attribute "update_user_id".
in E:\projects\yiiroot\trackstar\protected\modules\admin\controllers\SysMessageController.php (108)
in E:\projects\yiiroot\trackstar\index.php (13)
2018/12/15 12:05:30 [error] [exception.CHttpException.404] exception 'CHttpException' with message 'Unable to resolve the request "admin/project/index".' in E:\projects\yiiroot\framework\web\CWebApplication.php:328
Stack trace:
#0 E:\projects\yiiroot\framework\web\CWebApplication.php(121): CWebApplication->runController('admin/project/i...')
#1 E:\projects\yiiroot\framework\base\CApplication.php(135): CWebApplication->processRequest()
#2 E:\projects\yiiroot\trackstar\index.php(13): CApplication->run()
#3 {main} REQUEST_URI=/yiiroot/trackstar/index.php?r=admin/project/index
2018/12/15 12:18:29 [error] [exception.CHttpException.403] exception 'CHttpException' with message 'You are not authorized to perform this action.' in E:\projects\yiiroot\trackstar\protected\modules\admin\AdminModule.php:26
Stack trace:
#0 E:\projects\yiiroot\framework\web\CController.php(255): AdminModule->beforeControllerAction(Object(SysMessageController), Object(CInlineAction))
#1 E:\projects\yiiroot\framework\web\CWebApplication.php(324): CController->run('index')
#2 E:\projects\yiiroot\framework\web\CWebApplication.php(121): CWebApplication->runController('admin/sysMessag...')
#3 E:\projects\yiiroot\framework\base\CApplication.php(135): CWebApplication->processRequest()
#4 E:\projects\yiiroot\trackstar\index.php(13): CApplication->run()
#5 {main} REQUEST_URI=/yiiroot/trackstar/index.php?r=admin/sysMessage/index
2018/12/15 12:18:31 [error] [exception.CHttpException.403] exception 'CHttpException' with message 'You are not authorized to perform this action.' in E:\projects\yiiroot\trackstar\protected\modules\admin\AdminModule.php:26
Stack trace:
#0 E:\projects\yiiroot\framework\web\CController.php(255): AdminModule->beforeControllerAction(Object(SysMessageController), Object(CInlineAction))
#1 E:\projects\yiiroot\framework\web\CWebApplication.php(324): CController->run('index')
#2 E:\projects\yiiroot\framework\web\CWebApplication.php(121): CWebApplication->runController('admin/sysMessag...')
#3 E:\projects\yiiroot\framework\base\CApplication.php(135): CWebApplication->processRequest()
#4 E:\projects\yiiroot\trackstar\index.php(13): CApplication->run()
#5 {main} REQUEST_URI=/yiiroot/trackstar/index.php?r=admin/sysMessage/index
2018/12/15 12:18:35 [error] [exception.CHttpException.403] exception 'CHttpException' with message 'You are not authorized to perform this action.' in E:\projects\yiiroot\trackstar\protected\modules\admin\AdminModule.php:26
Stack trace:
#0 E:\projects\yiiroot\framework\web\CController.php(255): AdminModule->beforeControllerAction(Object(SysMessageController), Object(CInlineAction))
#1 E:\projects\yiiroot\framework\web\CWebApplication.php(324): CController->run('index')
#2 E:\projects\yiiroot\framework\web\CWebApplication.php(121): CWebApplication->runController('admin/sysMessag...')
#3 E:\projects\yiiroot\framework\base\CApplication.php(135): CWebApplication->processRequest()
#4 E:\projects\yiiroot\trackstar\index.php(13): CApplication->run()
#5 {main} REQUEST_URI=/yiiroot/trackstar/index.php?r=admin/sysMessage/index
2018/12/15 12:18:36 [error] [exception.CHttpException.403] exception 'CHttpException' with message 'You are not authorized to perform this action.' in E:\projects\yiiroot\trackstar\protected\modules\admin\AdminModule.php:26
Stack trace:
#0 E:\projects\yiiroot\framework\web\CController.php(255): AdminModule->beforeControllerAction(Object(SysMessageController), Object(CInlineAction))
#1 E:\projects\yiiroot\framework\web\CWebApplication.php(324): CController->run('index')
#2 E:\projects\yiiroot\framework\web\CWebApplication.php(121): CWebApplication->runController('admin/sysMessag...')
#3 E:\projects\yiiroot\framework\base\CApplication.php(135): CWebApplication->processRequest()
#4 E:\projects\yiiroot\trackstar\index.php(13): CApplication->run()
#5 {main} REQUEST_URI=/yiiroot/trackstar/index.php?r=admin/sysMessage/index
2018/12/15 12:18:37 [error] [exception.CHttpException.403] exception 'CHttpException' with message 'You are not authorized to perform this action.' in E:\projects\yiiroot\trackstar\protected\modules\admin\AdminModule.php:26
Stack trace:
#0 E:\projects\yiiroot\framework\web\CController.php(255): AdminModule->beforeControllerAction(Object(SysMessageController), Object(CInlineAction))
#1 E:\projects\yiiroot\framework\web\CWebApplication.php(324): CController->run('index')
#2 E:\projects\yiiroot\framework\web\CWebApplication.php(121): CWebApplication->runController('admin/sysMessag...')
#3 E:\projects\yiiroot\framework\base\CApplication.php(135): CWebApplication->processRequest()
#4 E:\projects\yiiroot\trackstar\index.php(13): CApplication->run()
#5 {main} REQUEST_URI=/yiiroot/trackstar/index.php?r=admin/sysMessage/index
2018/12/15 12:18:39 [error] [exception.CHttpException.403] exception 'CHttpException' with message 'You are not authorized to perform this action.' in E:\projects\yiiroot\trackstar\protected\modules\admin\AdminModule.php:26
Stack trace:
#0 E:\projects\yiiroot\framework\web\CController.php(255): AdminModule->beforeControllerAction(Object(SysMessageController), Object(CInlineAction))
#1 E:\projects\yiiroot\framework\web\CWebApplication.php(324): CController->run('index')
#2 E:\projects\yiiroot\framework\web\CWebApplication.php(121): CWebApplication->runController('admin/sysMessag...')
#3 E:\projects\yiiroot\framework\base\CApplication.php(135): CWebApplication->processRequest()
#4 E:\projects\yiiroot\trackstar\index.php(13): CApplication->run()
#5 {main} REQUEST_URI=/yiiroot/trackstar/index.php?r=admin/sysMessage/index
2018/12/15 12:18:41 [error] [exception.CHttpException.403] exception 'CHttpException' with message 'You are not authorized to perform this action.' in E:\projects\yiiroot\trackstar\protected\modules\admin\AdminModule.php:26
Stack trace:
#0 E:\projects\yiiroot\framework\web\CController.php(255): AdminModule->beforeControllerAction(Object(SysMessageController), Object(CInlineAction))
#1 E:\projects\yiiroot\framework\web\CWebApplication.php(324): CController->run('index')
#2 E:\projects\yiiroot\framework\web\CWebApplication.php(121): CWebApplication->runController('admin/sysMessag...')
#3 E:\projects\yiiroot\framework\base\CApplication.php(135): CWebApplication->processRequest()
#4 E:\projects\yiiroot\trackstar\index.php(13): CApplication->run()
#5 {main} REQUEST_URI=/yiiroot/trackstar/index.php?r=admin/sysMessage/index
2018/12/15 12:18:43 [error] [exception.CHttpException.403] exception 'CHttpException' with message 'You are not authorized to perform this action.' in E:\projects\yiiroot\trackstar\protected\modules\admin\AdminModule.php:26
Stack trace:
#0 E:\projects\yiiroot\framework\web\CController.php(255): AdminModule->beforeControllerAction(Object(SysMessageController), Object(CInlineAction))
#1 E:\projects\yiiroot\framework\web\CWebApplication.php(324): CController->run('index')
#2 E:\projects\yiiroot\framework\web\CWebApplication.php(121): CWebApplication->runController('admin/sysMessag...')
#3 E:\projects\yiiroot\framework\base\CApplication.php(135): CWebApplication->processRequest()
#4 E:\projects\yiiroot\trackstar\index.php(13): CApplication->run()
#5 {main} REQUEST_URI=/yiiroot/trackstar/index.php?r=admin/sysMessage/index
2018/12/15 12:18:45 [error] [exception.CHttpException.403] exception 'CHttpException' with message 'You are not authorized to perform this action.' in E:\projects\yiiroot\trackstar\protected\modules\admin\AdminModule.php:26
Stack trace:
#0 E:\projects\yiiroot\framework\web\CController.php(255): AdminModule->beforeControllerAction(Object(SysMessageController), Object(CInlineAction))
#1 E:\projects\yiiroot\framework\web\CWebApplication.php(324): CController->run('index')
#2 E:\projects\yiiroot\framework\web\CWebApplication.php(121): CWebApplication->runController('admin/sysMessag...')
#3 E:\projects\yiiroot\framework\base\CApplication.php(135): CWebApplication->processRequest()
#4 E:\projects\yiiroot\trackstar\index.php(13): CApplication->run()
#5 {main} REQUEST_URI=/yiiroot/trackstar/index.php?r=admin/sysMessage/index
2018/12/15 12:18:46 [error] [exception.CHttpException.403] exception 'CHttpException' with message 'You are not authorized to perform this action.' in E:\projects\yiiroot\trackstar\protected\modules\admin\AdminModule.php:26
Stack trace:
#0 E:\projects\yiiroot\framework\web\CController.php(255): AdminModule->beforeControllerAction(Object(SysMessageController), Object(CInlineAction))
#1 E:\projects\yiiroot\framework\web\CWebApplication.php(324): CController->run('index')
#2 E:\projects\yiiroot\framework\web\CWebApplication.php(121): CWebApplication->runController('admin/sysMessag...')
#3 E:\projects\yiiroot\framework\base\CApplication.php(135): CWebApplication->processRequest()
#4 E:\projects\yiiroot\trackstar\index.php(13): CApplication->run()
#5 {main} REQUEST_URI=/yiiroot/trackstar/index.php?r=admin/sysMessage/index
2018/12/15 12:19:17 [error] [exception.CHttpException.403] exception 'CHttpException' with message 'You are not authorized to perform this action.' in E:\projects\yiiroot\trackstar\protected\modules\admin\AdminModule.php:26
Stack trace:
#0 E:\projects\yiiroot\framework\web\CController.php(255): AdminModule->beforeControllerAction(Object(SysMessageController), Object(CInlineAction))
#1 E:\projects\yiiroot\framework\web\CWebApplication.php(324): CController->run('index')
#2 E:\projects\yiiroot\framework\web\CWebApplication.php(121): CWebApplication->runController('admin/sysMessag...')
#3 E:\projects\yiiroot\framework\base\CApplication.php(135): CWebApplication->processRequest()
#4 E:\projects\yiiroot\trackstar\index.php(13): CApplication->run()
#5 {main} REQUEST_URI=/yiiroot/trackstar/index.php?r=admin/sysMessage/index
2018/12/15 12:26:06 [error] [exception.CHttpException.403] exception 'CHttpException' with message 'You are not authorized to perform this action.' in E:\projects\yiiroot\trackstar\protected\modules\admin\AdminModule.php:26
Stack trace:
#0 E:\projects\yiiroot\framework\web\CController.php(255): AdminModule->beforeControllerAction(Object(SysMessageController), Object(CInlineAction))
#1 E:\projects\yiiroot\framework\web\CWebApplication.php(324): CController->run('index')
#2 E:\projects\yiiroot\framework\web\CWebApplication.php(121): CWebApplication->runController('admin/sysMessag...')
#3 E:\projects\yiiroot\framework\base\CApplication.php(135): CWebApplication->processRequest()
#4 E:\projects\yiiroot\trackstar\index.php(13): CApplication->run()
#5 {main} REQUEST_URI=/yiiroot/trackstar/index.php?r=admin/sysMessage/index
2018/12/15 12:26:08 [error] [exception.CHttpException.403] exception 'CHttpException' with message 'You are not authorized to perform this action.' in E:\projects\yiiroot\trackstar\protected\modules\admin\AdminModule.php:26
Stack trace:
#0 E:\projects\yiiroot\framework\web\CController.php(255): AdminModule->beforeControllerAction(Object(SysMessageController), Object(CInlineAction))
#1 E:\projects\yiiroot\framework\web\CWebApplication.php(324): CController->run('index')
#2 E:\projects\yiiroot\framework\web\CWebApplication.php(121): CWebApplication->runController('admin/sysMessag...')
#3 E:\projects\yiiroot\framework\base\CApplication.php(135): CWebApplication->processRequest()
#4 E:\projects\yiiroot\trackstar\index.php(13): CApplication->run()
#5 {main} REQUEST_URI=/yiiroot/trackstar/index.php?r=admin/sysMessage/index
2018/12/15 12:27:12 [error] [exception.CHttpException.403] exception 'CHttpException' with message 'You are not authorized to perform this action.' in E:\projects\yiiroot\trackstar\protected\modules\admin\AdminModule.php:26
Stack trace:
#0 E:\projects\yiiroot\framework\web\CController.php(255): AdminModule->beforeControllerAction(Object(SysMessageController), Object(CInlineAction))
#1 E:\projects\yiiroot\framework\web\CWebApplication.php(324): CController->run('index')
#2 E:\projects\yiiroot\framework\web\CWebApplication.php(121): CWebApplication->runController('admin/sysMessag...')
#3 E:\projects\yiiroot\framework\base\CApplication.php(135): CWebApplication->processRequest()
#4 E:\projects\yiiroot\trackstar\index.php(13): CApplication->run()
#5 {main} REQUEST_URI=/yiiroot/trackstar/index.php?r=admin/sysMessage/index
2018/12/15 12:27:12 [error] [exception.CHttpException.403] exception 'CHttpException' with message 'You are not authorized to perform this action.' in E:\projects\yiiroot\trackstar\protected\modules\admin\AdminModule.php:26
Stack trace:
#0 E:\projects\yiiroot\framework\web\CController.php(255): AdminModule->beforeControllerAction(Object(SysMessageController), Object(CInlineAction))
#1 E:\projects\yiiroot\framework\web\CWebApplication.php(324): CController->run('index')
#2 E:\projects\yiiroot\framework\web\CWebApplication.php(121): CWebApplication->runController('admin/sysMessag...')
#3 E:\projects\yiiroot\framework\base\CApplication.php(135): CWebApplication->processRequest()
#4 E:\projects\yiiroot\trackstar\index.php(13): CApplication->run()
#5 {main} REQUEST_URI=/yiiroot/trackstar/index.php?r=admin/sysMessage/index
2018/12/15 12:27:13 [error] [exception.CHttpException.403] exception 'CHttpException' with message 'You are not authorized to perform this action.' in E:\projects\yiiroot\trackstar\protected\modules\admin\AdminModule.php:26
Stack trace:
#0 E:\projects\yiiroot\framework\web\CController.php(255): AdminModule->beforeControllerAction(Object(SysMessageController), Object(CInlineAction))
#1 E:\projects\yiiroot\framework\web\CWebApplication.php(324): CController->run('index')
#2 E:\projects\yiiroot\framework\web\CWebApplication.php(121): CWebApplication->runController('admin/sysMessag...')
#3 E:\projects\yiiroot\framework\base\CApplication.php(135): CWebApplication->processRequest()
#4 E:\projects\yiiroot\trackstar\index.php(13): CApplication->run()
#5 {main} REQUEST_URI=/yiiroot/trackstar/index.php?r=admin/sysMessage/index
2018/12/15 12:27:14 [error] [exception.CHttpException.403] exception 'CHttpException' with message 'You are not authorized to perform this action.' in E:\projects\yiiroot\trackstar\protected\modules\admin\AdminModule.php:26
Stack trace:
#0 E:\projects\yiiroot\framework\web\CController.php(255): AdminModule->beforeControllerAction(Object(SysMessageController), Object(CInlineAction))
#1 E:\projects\yiiroot\framework\web\CWebApplication.php(324): CController->run('index')
#2 E:\projects\yiiroot\framework\web\CWebApplication.php(121): CWebApplication->runController('admin/sysMessag...')
#3 E:\projects\yiiroot\framework\base\CApplication.php(135): CWebApplication->processRequest()
#4 E:\projects\yiiroot\trackstar\index.php(13): CApplication->run()
#5 {main} REQUEST_URI=/yiiroot/trackstar/index.php?r=admin/sysMessage/index
2018/12/15 12:27:17 [error] [exception.CHttpException.403] exception 'CHttpException' with message 'You are not authorized to perform this action.' in E:\projects\yiiroot\trackstar\protected\modules\admin\AdminModule.php:26
Stack trace:
#0 E:\projects\yiiroot\framework\web\CController.php(255): AdminModule->beforeControllerAction(Object(SysMessageController), Object(CInlineAction))
#1 E:\projects\yiiroot\framework\web\CWebApplication.php(324): CController->run('index')
#2 E:\projects\yiiroot\framework\web\CWebApplication.php(121): CWebApplication->runController('admin/sysMessag...')
#3 E:\projects\yiiroot\framework\base\CApplication.php(135): CWebApplication->processRequest()
#4 E:\projects\yiiroot\trackstar\index.php(13): CApplication->run()
#5 {main} REQUEST_URI=/yiiroot/trackstar/index.php?r=admin/sysMessage/index
2018/12/15 12:28:58 [error] [exception.CHttpException.403] exception 'CHttpException' with message 'You are not authorized to perform this action.' in E:\projects\yiiroot\trackstar\protected\modules\admin\AdminModule.php:26
Stack trace:
#0 E:\projects\yiiroot\framework\web\CController.php(255): AdminModule->beforeControllerAction(Object(SysMessageController), Object(CInlineAction))
#1 E:\projects\yiiroot\framework\web\CWebApplication.php(324): CController->run('index')
#2 E:\projects\yiiroot\framework\web\CWebApplication.php(121): CWebApplication->runController('admin/sysMessag...')
#3 E:\projects\yiiroot\framework\base\CApplication.php(135): CWebApplication->processRequest()
#4 E:\projects\yiiroot\trackstar\index.php(13): CApplication->run()
#5 {main} REQUEST_URI=/yiiroot/trackstar/index.php?r=admin/sysMessage/index
2018/12/15 12:28:59 [error] [exception.CHttpException.403] exception 'CHttpException' with message 'You are not authorized to perform this action.' in E:\projects\yiiroot\trackstar\protected\modules\admin\AdminModule.php:26
Stack trace:
#0 E:\projects\yiiroot\framework\web\CController.php(255): AdminModule->beforeControllerAction(Object(SysMessageController), Object(CInlineAction))
#1 E:\projects\yiiroot\framework\web\CWebApplication.php(324): CController->run('index')
#2 E:\projects\yiiroot\framework\web\CWebApplication.php(121): CWebApplication->runController('admin/sysMessag...')
#3 E:\projects\yiiroot\framework\base\CApplication.php(135): CWebApplication->processRequest()
#4 E:\projects\yiiroot\trackstar\index.php(13): CApplication->run()
#5 {main} REQUEST_URI=/yiiroot/trackstar/index.php?r=admin/sysMessage/index
2018/12/15 12:33:12 [error] [exception.CHttpException.403] exception 'CHttpException' with message 'You are not authorized to perform this action.' in E:\projects\yiiroot\trackstar\protected\modules\admin\AdminModule.php:26
Stack trace:
#0 E:\projects\yiiroot\framework\web\CController.php(255): AdminModule->beforeControllerAction(Object(SysMessageController), Object(CInlineAction))
#1 E:\projects\yiiroot\framework\web\CWebApplication.php(324): CController->run('index')
#2 E:\projects\yiiroot\framework\web\CWebApplication.php(121): CWebApplication->runController('admin/sysMessag...')
#3 E:\projects\yiiroot\framework\base\CApplication.php(135): CWebApplication->processRequest()
#4 E:\projects\yiiroot\trackstar\index.php(13): CApplication->run()
#5 {main} REQUEST_URI=/yiiroot/trackstar/index.php?r=admin/sysMessage/index
2018/12/15 12:33:13 [error] [exception.CHttpException.403] exception 'CHttpException' with message 'You are not authorized to perform this action.' in E:\projects\yiiroot\trackstar\protected\modules\admin\AdminModule.php:26
Stack trace:
#0 E:\projects\yiiroot\framework\web\CController.php(255): AdminModule->beforeControllerAction(Object(SysMessageController), Object(CInlineAction))
#1 E:\projects\yiiroot\framework\web\CWebApplication.php(324): CController->run('index')
#2 E:\projects\yiiroot\framework\web\CWebApplication.php(121): CWebApplication->runController('admin/sysMessag...')
#3 E:\projects\yiiroot\framework\base\CApplication.php(135): CWebApplication->processRequest()
#4 E:\projects\yiiroot\trackstar\index.php(13): CApplication->run()
#5 {main} REQUEST_URI=/yiiroot/trackstar/index.php?r=admin/sysMessage/index
2018/12/15 12:33:16 [error] [exception.CHttpException.403] exception 'CHttpException' with message 'You are not authorized to perform this action.' in E:\projects\yiiroot\trackstar\protected\modules\admin\AdminModule.php:26
Stack trace:
#0 E:\projects\yiiroot\framework\web\CController.php(255): AdminModule->beforeControllerAction(Object(SysMessageController), Object(CInlineAction))
#1 E:\projects\yiiroot\framework\web\CWebApplication.php(324): CController->run('index')
#2 E:\projects\yiiroot\framework\web\CWebApplication.php(121): CWebApplication->runController('admin/sysMessag...')
#3 E:\projects\yiiroot\framework\base\CApplication.php(135): CWebApplication->processRequest()
#4 E:\projects\yiiroot\trackstar\index.php(13): CApplication->run()
#5 {main} REQUEST_URI=/yiiroot/trackstar/index.php?r=admin/sysMessage/index
2018/12/15 12:33:18 [error] [exception.CHttpException.403] exception 'CHttpException' with message 'You are not authorized to perform this action.' in E:\projects\yiiroot\trackstar\protected\modules\admin\AdminModule.php:26
Stack trace:
#0 E:\projects\yiiroot\framework\web\CController.php(255): AdminModule->beforeControllerAction(Object(SysMessageController), Object(CInlineAction))
#1 E:\projects\yiiroot\framework\web\CWebApplication.php(324): CController->run('index')
#2 E:\projects\yiiroot\framework\web\CWebApplication.php(121): CWebApplication->runController('admin/sysMessag...')
#3 E:\projects\yiiroot\framework\base\CApplication.php(135): CWebApplication->processRequest()
#4 E:\projects\yiiroot\trackstar\index.php(13): CApplication->run()
#5 {main} REQUEST_URI=/yiiroot/trackstar/index.php?r=admin/sysMessage/index
2018/12/15 12:33:20 [error] [exception.CHttpException.403] exception 'CHttpException' with message 'You are not authorized to perform this action.' in E:\projects\yiiroot\trackstar\protected\modules\admin\AdminModule.php:26
Stack trace:
#0 E:\projects\yiiroot\framework\web\CController.php(255): AdminModule->beforeControllerAction(Object(SysMessageController), Object(CInlineAction))
#1 E:\projects\yiiroot\framework\web\CWebApplication.php(324): CController->run('index')
#2 E:\projects\yiiroot\framework\web\CWebApplication.php(121): CWebApplication->runController('admin/sysMessag...')
#3 E:\projects\yiiroot\framework\base\CApplication.php(135): CWebApplication->processRequest()
#4 E:\projects\yiiroot\trackstar\index.php(13): CApplication->run()
#5 {main} REQUEST_URI=/yiiroot/trackstar/index.php?r=admin/sysMessage/index
2018/12/15 12:33:20 [error] [exception.CHttpException.403] exception 'CHttpException' with message 'You are not authorized to perform this action.' in E:\projects\yiiroot\trackstar\protected\modules\admin\AdminModule.php:26
Stack trace:
#0 E:\projects\yiiroot\framework\web\CController.php(255): AdminModule->beforeControllerAction(Object(SysMessageController), Object(CInlineAction))
#1 E:\projects\yiiroot\framework\web\CWebApplication.php(324): CController->run('index')
#2 E:\projects\yiiroot\framework\web\CWebApplication.php(121): CWebApplication->runController('admin/sysMessag...')
#3 E:\projects\yiiroot\framework\base\CApplication.php(135): CWebApplication->processRequest()
#4 E:\projects\yiiroot\trackstar\index.php(13): CApplication->run()
#5 {main} REQUEST_URI=/yiiroot/trackstar/index.php?r=admin/sysMessage/index
2018/12/15 12:33:20 [error] [exception.CHttpException.403] exception 'CHttpException' with message 'You are not authorized to perform this action.' in E:\projects\yiiroot\trackstar\protected\modules\admin\AdminModule.php:26
Stack trace:
#0 E:\projects\yiiroot\framework\web\CController.php(255): AdminModule->beforeControllerAction(Object(SysMessageController), Object(CInlineAction))
#1 E:\projects\yiiroot\framework\web\CWebApplication.php(324): CController->run('index')
#2 E:\projects\yiiroot\framework\web\CWebApplication.php(121): CWebApplication->runController('admin/sysMessag...')
#3 E:\projects\yiiroot\framework\base\CApplication.php(135): CWebApplication->processRequest()
#4 E:\projects\yiiroot\trackstar\index.php(13): CApplication->run()
#5 {main} REQUEST_URI=/yiiroot/trackstar/index.php?r=admin/sysMessage/index
2018/12/15 12:33:20 [error] [exception.CHttpException.403] exception 'CHttpException' with message 'You are not authorized to perform this action.' in E:\projects\yiiroot\trackstar\protected\modules\admin\AdminModule.php:26
Stack trace:
#0 E:\projects\yiiroot\framework\web\CController.php(255): AdminModule->beforeControllerAction(Object(SysMessageController), Object(CInlineAction))
#1 E:\projects\yiiroot\framework\web\CWebApplication.php(324): CController->run('index')
#2 E:\projects\yiiroot\framework\web\CWebApplication.php(121): CWebApplication->runController('admin/sysMessag...')
#3 E:\projects\yiiroot\framework\base\CApplication.php(135): CWebApplication->processRequest()
#4 E:\projects\yiiroot\trackstar\index.php(13): CApplication->run()
#5 {main} REQUEST_URI=/yiiroot/trackstar/index.php?r=admin/sysMessage/index
2018/12/15 12:33:21 [error] [exception.CHttpException.403] exception 'CHttpException' with message 'You are not authorized to perform this action.' in E:\projects\yiiroot\trackstar\protected\modules\admin\AdminModule.php:26
Stack trace:
#0 E:\projects\yiiroot\framework\web\CController.php(255): AdminModule->beforeControllerAction(Object(SysMessageController), Object(CInlineAction))
#1 E:\projects\yiiroot\framework\web\CWebApplication.php(324): CController->run('index')
#2 E:\projects\yiiroot\framework\web\CWebApplication.php(121): CWebApplication->runController('admin/sysMessag...')
#3 E:\projects\yiiroot\framework\base\CApplication.php(135): CWebApplication->processRequest()
#4 E:\projects\yiiroot\trackstar\index.php(13): CApplication->run()
#5 {main} REQUEST_URI=/yiiroot/trackstar/index.php?r=admin/sysMessage/index
2018/12/15 12:33:21 [error] [exception.CHttpException.403] exception 'CHttpException' with message 'You are not authorized to perform this action.' in E:\projects\yiiroot\trackstar\protected\modules\admin\AdminModule.php:26
Stack trace:
#0 E:\projects\yiiroot\framework\web\CController.php(255): AdminModule->beforeControllerAction(Object(SysMessageController), Object(CInlineAction))
#1 E:\projects\yiiroot\framework\web\CWebApplication.php(324): CController->run('index')
#2 E:\projects\yiiroot\framework\web\CWebApplication.php(121): CWebApplication->runController('admin/sysMessag...')
#3 E:\projects\yiiroot\framework\base\CApplication.php(135): CWebApplication->processRequest()
#4 E:\projects\yiiroot\trackstar\index.php(13): CApplication->run()
#5 {main} REQUEST_URI=/yiiroot/trackstar/index.php?r=admin/sysMessage/index
2018/12/15 12:33:21 [error] [exception.CHttpException.403] exception 'CHttpException' with message 'You are not authorized to perform this action.' in E:\projects\yiiroot\trackstar\protected\modules\admin\AdminModule.php:26
Stack trace:
#0 E:\projects\yiiroot\framework\web\CController.php(255): AdminModule->beforeControllerAction(Object(SysMessageController), Object(CInlineAction))
#1 E:\projects\yiiroot\framework\web\CWebApplication.php(324): CController->run('index')
#2 E:\projects\yiiroot\framework\web\CWebApplication.php(121): CWebApplication->runController('admin/sysMessag...')
#3 E:\projects\yiiroot\framework\base\CApplication.php(135): CWebApplication->processRequest()
#4 E:\projects\yiiroot\trackstar\index.php(13): CApplication->run()
#5 {main} REQUEST_URI=/yiiroot/trackstar/index.php?r=admin/sysMessage/index
2018/12/15 12:33:21 [error] [exception.CHttpException.403] exception 'CHttpException' with message 'You are not authorized to perform this action.' in E:\projects\yiiroot\trackstar\protected\modules\admin\AdminModule.php:26
Stack trace:
#0 E:\projects\yiiroot\framework\web\CController.php(255): AdminModule->beforeControllerAction(Object(SysMessageController), Object(CInlineAction))
#1 E:\projects\yiiroot\framework\web\CWebApplication.php(324): CController->run('index')
#2 E:\projects\yiiroot\framework\web\CWebApplication.php(121): CWebApplication->runController('admin/sysMessag...')
#3 E:\projects\yiiroot\framework\base\CApplication.php(135): CWebApplication->processRequest()
#4 E:\projects\yiiroot\trackstar\index.php(13): CApplication->run()
#5 {main} REQUEST_URI=/yiiroot/trackstar/index.php?r=admin/sysMessage/index
2018/12/15 12:33:21 [error] [exception.CHttpException.403] exception 'CHttpException' with message 'You are not authorized to perform this action.' in E:\projects\yiiroot\trackstar\protected\modules\admin\AdminModule.php:26
Stack trace:
#0 E:\projects\yiiroot\framework\web\CController.php(255): AdminModule->beforeControllerAction(Object(SysMessageController), Object(CInlineAction))
#1 E:\projects\yiiroot\framework\web\CWebApplication.php(324): CController->run('index')
#2 E:\projects\yiiroot\framework\web\CWebApplication.php(121): CWebApplication->runController('admin/sysMessag...')
#3 E:\projects\yiiroot\framework\base\CApplication.php(135): CWebApplication->processRequest()
#4 E:\projects\yiiroot\trackstar\index.php(13): CApplication->run()
#5 {main} REQUEST_URI=/yiiroot/trackstar/index.php?r=admin/sysMessage/index
2018/12/15 12:34:49 [error] [exception.CHttpException.403] exception 'CHttpException' with message 'You are not authorized to perform this action.' in E:\projects\yiiroot\trackstar\protected\modules\admin\AdminModule.php:26
Stack trace:
#0 E:\projects\yiiroot\framework\web\CController.php(255): AdminModule->beforeControllerAction(Object(SysMessageController), Object(CInlineAction))
#1 E:\projects\yiiroot\framework\web\CWebApplication.php(324): CController->run('index')
#2 E:\projects\yiiroot\framework\web\CWebApplication.php(121): CWebApplication->runController('admin/sysMessag...')
#3 E:\projects\yiiroot\framework\base\CApplication.php(135): CWebApplication->processRequest()
#4 E:\projects\yiiroot\trackstar\index.php(13): CApplication->run()
#5 {main} REQUEST_URI=/yiiroot/trackstar/index.php?r=admin/sysMessage/index
2018/12/15 12:34:51 [error] [exception.CHttpException.403] exception 'CHttpException' with message 'You are not authorized to perform this action.' in E:\projects\yiiroot\trackstar\protected\modules\admin\AdminModule.php:26
Stack trace:
#0 E:\projects\yiiroot\framework\web\CController.php(255): AdminModule->beforeControllerAction(Object(SysMessageController), Object(CInlineAction))
#1 E:\projects\yiiroot\framework\web\CWebApplication.php(324): CController->run('index')
#2 E:\projects\yiiroot\framework\web\CWebApplication.php(121): CWebApplication->runController('admin/sysMessag...')
#3 E:\projects\yiiroot\framework\base\CApplication.php(135): CWebApplication->processRequest()
#4 E:\projects\yiiroot\trackstar\index.php(13): CApplication->run()
#5 {main} REQUEST_URI=/yiiroot/trackstar/index.php?r=admin/sysMessage/index
2018/12/15 12:34:56 [error] [exception.CHttpException.403] exception 'CHttpException' with message 'You are not authorized to perform this action.' in E:\projects\yiiroot\trackstar\protected\modules\admin\AdminModule.php:26
Stack trace:
#0 E:\projects\yiiroot\framework\web\CController.php(255): AdminModule->beforeControllerAction(Object(SysMessageController), Object(CInlineAction))
#1 E:\projects\yiiroot\framework\web\CWebApplication.php(324): CController->run('index')
#2 E:\projects\yiiroot\framework\web\CWebApplication.php(121): CWebApplication->runController('admin/sysMessag...')
#3 E:\projects\yiiroot\framework\base\CApplication.php(135): CWebApplication->processRequest()
#4 E:\projects\yiiroot\trackstar\index.php(13): CApplication->run()
#5 {main} REQUEST_URI=/yiiroot/trackstar/index.php?r=admin/sysMessage/index
2018/12/15 12:35:08 [error] [exception.CHttpException.403] exception 'CHttpException' with message 'You are not authorized to perform this action.' in E:\projects\yiiroot\trackstar\protected\modules\admin\AdminModule.php:26
Stack trace:
#0 E:\projects\yiiroot\framework\web\CController.php(255): AdminModule->beforeControllerAction(Object(SysMessageController), Object(CInlineAction))
#1 E:\projects\yiiroot\framework\web\CWebApplication.php(324): CController->run('index')
#2 E:\projects\yiiroot\framework\web\CWebApplication.php(121): CWebApplication->runController('admin/sysMessag...')
#3 E:\projects\yiiroot\framework\base\CApplication.php(135): CWebApplication->processRequest()
#4 E:\projects\yiiroot\trackstar\index.php(13): CApplication->run()
#5 {main} REQUEST_URI=/yiiroot/trackstar/index.php?r=admin/sysMessage/index
2018/12/15 12:35:10 [error] [exception.CHttpException.403] exception 'CHttpException' with message 'You are not authorized to perform this action.' in E:\projects\yiiroot\trackstar\protected\modules\admin\AdminModule.php:26
Stack trace:
#0 E:\projects\yiiroot\framework\web\CController.php(255): AdminModule->beforeControllerAction(Object(SysMessageController), Object(CInlineAction))
#1 E:\projects\yiiroot\framework\web\CWebApplication.php(324): CController->run('index')
#2 E:\projects\yiiroot\framework\web\CWebApplication.php(121): CWebApplication->runController('admin/sysMessag...')
#3 E:\projects\yiiroot\framework\base\CApplication.php(135): CWebApplication->processRequest()
#4 E:\projects\yiiroot\trackstar\index.php(13): CApplication->run()
#5 {main} REQUEST_URI=/yiiroot/trackstar/index.php?r=admin/sysMessage/index
2018/12/15 12:36:37 [error] [exception.CHttpException.404] exception 'CHttpException' with message 'Unable to resolve the request "admin/user/index".' in E:\projects\yiiroot\framework\web\CWebApplication.php:328
Stack trace:
#0 E:\projects\yiiroot\framework\web\CWebApplication.php(121): CWebApplication->runController('admin/user/inde...')
#1 E:\projects\yiiroot\framework\base\CApplication.php(135): CWebApplication->processRequest()
#2 E:\projects\yiiroot\trackstar\index.php(13): CApplication->run()
#3 {main} REQUEST_URI=/yiiroot/trackstar/index.php?r=admin/user/index
2018/12/15 12:38:12 [error] [exception.CHttpException.403] exception 'CHttpException' with message 'You are not authorized to perform this action.' in E:\projects\yiiroot\trackstar\protected\modules\admin\AdminModule.php:26
Stack trace:
#0 E:\projects\yiiroot\framework\web\CController.php(255): AdminModule->beforeControllerAction(Object(SysMessageController), Object(CInlineAction))
#1 E:\projects\yiiroot\framework\web\CWebApplication.php(324): CController->run('index')
#2 E:\projects\yiiroot\framework\web\CWebApplication.php(121): CWebApplication->runController('admin/sysMessag...')
#3 E:\projects\yiiroot\framework\base\CApplication.php(135): CWebApplication->processRequest()
#4 E:\projects\yiiroot\trackstar\index.php(13): CApplication->run()
#5 {main} REQUEST_URI=/yiiroot/trackstar/index.php?r=admin/sysMessage/index
2018/12/15 12:38:14 [error] [exception.CHttpException.403] exception 'CHttpException' with message 'You are not authorized to perform this action.' in E:\projects\yiiroot\trackstar\protected\modules\admin\AdminModule.php:26
Stack trace:
#0 E:\projects\yiiroot\framework\web\CController.php(255): AdminModule->beforeControllerAction(Object(SysMessageController), Object(CInlineAction))
#1 E:\projects\yiiroot\framework\web\CWebApplication.php(324): CController->run('index')
#2 E:\projects\yiiroot\framework\web\CWebApplication.php(121): CWebApplication->runController('admin/sysMessag...')
#3 E:\projects\yiiroot\framework\base\CApplication.php(135): CWebApplication->processRequest()
#4 E:\projects\yiiroot\trackstar\index.php(13): CApplication->run()
#5 {main} REQUEST_URI=/yiiroot/trackstar/index.php?r=admin/sysMessage/index
2018/12/15 12:38:18 [error] [exception.CHttpException.403] exception 'CHttpException' with message 'You are not authorized to perform this action.' in E:\projects\yiiroot\trackstar\protected\modules\admin\AdminModule.php:26
Stack trace:
#0 E:\projects\yiiroot\framework\web\CController.php(255): AdminModule->beforeControllerAction(Object(SysMessageController), Object(CInlineAction))
#1 E:\projects\yiiroot\framework\web\CWebApplication.php(324): CController->run('')
#2 E:\projects\yiiroot\framework\web\CWebApplication.php(121): CWebApplication->runController('admin/sysMessag...')
#3 E:\projects\yiiroot\framework\base\CApplication.php(135): CWebApplication->processRequest()
#4 E:\projects\yiiroot\trackstar\index.php(13): CApplication->run()
#5 {main} REQUEST_URI=/yiiroot/trackstar/index.php?r=admin/sysMessage
2018/12/15 12:38:29 [error] [exception.CHttpException.403] exception 'CHttpException' with message 'You are not authorized to perform this action.' in E:\projects\yiiroot\trackstar\protected\modules\admin\AdminModule.php:26
Stack trace:
#0 E:\projects\yiiroot\framework\web\CController.php(255): AdminModule->beforeControllerAction(Object(SysMessageController), Object(CInlineAction))
#1 E:\projects\yiiroot\framework\web\CWebApplication.php(324): CController->run('index')
#2 E:\projects\yiiroot\framework\web\CWebApplication.php(121): CWebApplication->runController('admin/sysMessag...')
#3 E:\projects\yiiroot\framework\base\CApplication.php(135): CWebApplication->processRequest()
#4 E:\projects\yiiroot\trackstar\index.php(13): CApplication->run()
#5 {main} REQUEST_URI=/yiiroot/trackstar/index.php?r=admin/sysMessage/index
2018/12/15 12:38:31 [error] [exception.CHttpException.403] exception 'CHttpException' with message 'You are not authorized to perform this action.' in E:\projects\yiiroot\trackstar\protected\modules\admin\AdminModule.php:26
Stack trace:
#0 E:\projects\yiiroot\framework\web\CController.php(255): AdminModule->beforeControllerAction(Object(SysMessageController), Object(CInlineAction))
#1 E:\projects\yiiroot\framework\web\CWebApplication.php(324): CController->run('index')
#2 E:\projects\yiiroot\framework\web\CWebApplication.php(121): CWebApplication->runController('admin/sysMessag...')
#3 E:\projects\yiiroot\framework\base\CApplication.php(135): CWebApplication->processRequest()
#4 E:\projects\yiiroot\trackstar\index.php(13): CApplication->run()
#5 {main} REQUEST_URI=/yiiroot/trackstar/index.php?r=admin/sysMessage/index
2018/12/15 12:40:58 [error] [exception.CHttpException.403] exception 'CHttpException' with message 'You are not authorized to perform this action.' in E:\projects\yiiroot\framework\web\auth\CAccessControlFilter.php:153
Stack trace:
#0 E:\projects\yiiroot\framework\web\auth\CAccessControlFilter.php(115): CAccessControlFilter->accessDenied(Object(CWebUser), 'You are not aut...')
#1 E:\projects\yiiroot\framework\web\filters\CFilter.php(39): CAccessControlFilter->preFilter(Object(CFilterChain))
#2 E:\projects\yiiroot\framework\web\CController.php(1084): CFilter->filter(Object(CFilterChain))
#3 E:\projects\yiiroot\framework\web\filters\CInlineFilter.php(59): CController->filterAccessControl(Object(CFilterChain))
#4 E:\projects\yiiroot\framework\web\filters\CFilterChain.php(130): CInlineFilter->filter(Object(CFilterChain))
#5 E:\projects\yiiroot\framework\web\CController.php(283): CFilterChain->run()
#6 E:\projects\yiiroot\framework\web\CController.php(257): CController->runActionWithFilters(Object(CInlineAction), Array)
#7 E:\projects\yiiroot\framework\web\CWebApplication.php(324): CController->run('create')
#8 E:\projects\yiiroot\framework\web\CWebApplication.php(121): CWebApplication->runController('user/create')
#9 E:\projects\yiiroot\framework\base\CApplication.php(135): CWebApplication->processRequest()
#10 E:\projects\yiiroot\trackstar\index.php(13): CApplication->run()
#11 {main} REQUEST_URI=/yiiroot/trackstar/index.php?r=user/create
2018/12/15 12:41:02 [error] [exception.CHttpException.403] exception 'CHttpException' with message 'You are not authorized to perform this action.' in E:\projects\yiiroot\framework\web\auth\CAccessControlFilter.php:153
Stack trace:
#0 E:\projects\yiiroot\framework\web\auth\CAccessControlFilter.php(115): CAccessControlFilter->accessDenied(Object(CWebUser), 'You are not aut...')
#1 E:\projects\yiiroot\framework\web\filters\CFilter.php(39): CAccessControlFilter->preFilter(Object(CFilterChain))
#2 E:\projects\yiiroot\framework\web\CController.php(1084): CFilter->filter(Object(CFilterChain))
#3 E:\projects\yiiroot\framework\web\filters\CInlineFilter.php(59): CController->filterAccessControl(Object(CFilterChain))
#4 E:\projects\yiiroot\framework\web\filters\CFilterChain.php(130): CInlineFilter->filter(Object(CFilterChain))
#5 E:\projects\yiiroot\framework\web\CController.php(283): CFilterChain->run()
#6 E:\projects\yiiroot\framework\web\CController.php(257): CController->runActionWithFilters(Object(CInlineAction), Array)
#7 E:\projects\yiiroot\framework\web\CWebApplication.php(324): CController->run('update')
#8 E:\projects\yiiroot\framework\web\CWebApplication.php(121): CWebApplication->runController('user/update')
#9 E:\projects\yiiroot\framework\base\CApplication.php(135): CWebApplication->processRequest()
#10 E:\projects\yiiroot\trackstar\index.php(13): CApplication->run()
#11 {main} REQUEST_URI=/yiiroot/trackstar/index.php?r=user/update&id=1
2018/12/15 12:49:15 [error] [exception.CHttpException.403] exception 'CHttpException' with message 'You are not authorized to perform this action.' in E:\projects\yiiroot\trackstar\protected\modules\admin\AdminModule.php:26
Stack trace:
#0 E:\projects\yiiroot\framework\web\CController.php(255): AdminModule->beforeControllerAction(Object(SysMessageController), Object(CInlineAction))
#1 E:\projects\yiiroot\framework\web\CWebApplication.php(324): CController->run('index')
#2 E:\projects\yiiroot\framework\web\CWebApplication.php(121): CWebApplication->runController('admin/sysMessag...')
#3 E:\projects\yiiroot\framework\base\CApplication.php(135): CWebApplication->processRequest()
#4 E:\projects\yiiroot\trackstar\index.php(13): CApplication->run()
#5 {main} REQUEST_URI=/yiiroot/trackstar/index.php?r=admin/sysMessage/index
2018/12/15 12:49:24 [error] [exception.CHttpException.403] exception 'CHttpException' with message 'You are not authorized to perform this action.' in E:\projects\yiiroot\trackstar\protected\modules\admin\AdminModule.php:26
Stack trace:
#0 E:\projects\yiiroot\framework\web\CController.php(255): AdminModule->beforeControllerAction(Object(SysMessageController), Object(CInlineAction))
#1 E:\projects\yiiroot\framework\web\CWebApplication.php(324): CController->run('index')
#2 E:\projects\yiiroot\framework\web\CWebApplication.php(121): CWebApplication->runController('admin/sysMessag...')
#3 E:\projects\yiiroot\framework\base\CApplication.php(135): CWebApplication->processRequest()
#4 E:\projects\yiiroot\trackstar\index.php(13): CApplication->run()
#5 {main} REQUEST_URI=/yiiroot/trackstar/index.php?r=admin/sysMessage/index
2018/12/15 12:49:30 [error] [exception.CHttpException.403] exception 'CHttpException' with message 'You are not authorized to perform this action.' in E:\projects\yiiroot\trackstar\protected\modules\admin\AdminModule.php:26
Stack trace:
#0 E:\projects\yiiroot\framework\web\CController.php(255): AdminModule->beforeControllerAction(Object(SysMessageController), Object(CInlineAction))
#1 E:\projects\yiiroot\framework\web\CWebApplication.php(324): CController->run('index')
#2 E:\projects\yiiroot\framework\web\CWebApplication.php(121): CWebApplication->runController('admin/sysMessag...')
#3 E:\projects\yiiroot\framework\base\CApplication.php(135): CWebApplication->processRequest()
#4 E:\projects\yiiroot\trackstar\index.php(13): CApplication->run()
#5 {main} REQUEST_URI=/yiiroot/trackstar/index.php?r=admin/sysMessage/index
2018/12/15 12:49:39 [error] [exception.CHttpException.403] exception 'CHttpException' with message 'You are not authorized to perform this action.' in E:\projects\yiiroot\trackstar\protected\modules\admin\AdminModule.php:26
Stack trace:
#0 E:\projects\yiiroot\framework\web\CController.php(255): AdminModule->beforeControllerAction(Object(SysMessageController), Object(CInlineAction))
#1 E:\projects\yiiroot\framework\web\CWebApplication.php(324): CController->run('index')
#2 E:\projects\yiiroot\framework\web\CWebApplication.php(121): CWebApplication->runController('admin/sysMessag...')
#3 E:\projects\yiiroot\framework\base\CApplication.php(135): CWebApplication->processRequest()
#4 E:\projects\yiiroot\trackstar\index.php(13): CApplication->run()
#5 {main} REQUEST_URI=/yiiroot/trackstar/index.php?r=admin/sysMessage/index
2018/12/15 12:52:12 [error] [exception.CHttpException.404] exception 'CHttpException' with message 'Unable to resolve the request "admin/user/index".' in E:\projects\yiiroot\framework\web\CWebApplication.php:328
Stack trace:
#0 E:\projects\yiiroot\framework\web\CWebApplication.php(121): CWebApplication->runController('admin/user/inde...')
#1 E:\projects\yiiroot\framework\base\CApplication.php(135): CWebApplication->processRequest()
#2 E:\projects\yiiroot\trackstar\index.php(13): CApplication->run()
#3 {main} REQUEST_URI=/yiiroot/trackstar/index.php?r=admin/user/index
2018/12/15 12:52:31 [error] [exception.CHttpException.404] exception 'CHttpException' with message 'Unable to resolve the request "admin/user/index".' in E:\projects\yiiroot\framework\web\CWebApplication.php:328
Stack trace:
#0 E:\projects\yiiroot\framework\web\CWebApplication.php(121): CWebApplication->runController('admin/user/inde...')
#1 E:\projects\yiiroot\framework\base\CApplication.php(135): CWebApplication->processRequest()
#2 E:\projects\yiiroot\trackstar\index.php(13): CApplication->run()
#3 {main} REQUEST_URI=/yiiroot/trackstar/index.php?r=admin/user/index
2018/12/15 12:53:44 [error] [exception.CHttpException.404] exception 'CHttpException' with message 'Unable to resolve the request "admin/user/index".' in E:\projects\yiiroot\framework\web\CWebApplication.php:328
Stack trace:
#0 E:\projects\yiiroot\framework\web\CWebApplication.php(121): CWebApplication->runController('admin/user/inde...')
#1 E:\projects\yiiroot\framework\base\CApplication.php(135): CWebApplication->processRequest()
#2 E:\projects\yiiroot\trackstar\index.php(13): CApplication->run()
#3 {main} REQUEST_URI=/yiiroot/trackstar/index.php?r=admin/user/index
2018/12/15 12:56:35 [error] [exception.CHttpException.404] exception 'CHttpException' with message 'Unable to resolve the request "admin/project/index".' in E:\projects\yiiroot\framework\web\CWebApplication.php:328
Stack trace:
#0 E:\projects\yiiroot\framework\web\CWebApplication.php(121): CWebApplication->runController('admin/project/i...')
#1 E:\projects\yiiroot\framework\base\CApplication.php(135): CWebApplication->processRequest()
#2 E:\projects\yiiroot\trackstar\index.php(13): CApplication->run()
#3 {main} REQUEST_URI=/yiiroot/trackstar/index.php?r=admin/project/index
2018/12/15 13:00:42 [error] [exception.CHttpException.404] exception 'CHttpException' with message 'Unable to resolve the request "admin/user/index".' in E:\projects\yiiroot\framework\web\CWebApplication.php:328
Stack trace:
#0 E:\projects\yiiroot\framework\web\CWebApplication.php(121): CWebApplication->runController('admin/user/inde...')
#1 E:\projects\yiiroot\framework\base\CApplication.php(135): CWebApplication->processRequest()
#2 E:\projects\yiiroot\trackstar\index.php(13): CApplication->run()
#3 {main} REQUEST_URI=/yiiroot/trackstar/index.php?r=admin/user/index
2018/12/15 13:01:37 [error] [exception.CHttpException.404] exception 'CHttpException' with message 'Unable to resolve the request "admin/user/index".' in E:\projects\yiiroot\framework\web\CWebApplication.php:328
Stack trace:
#0 E:\projects\yiiroot\framework\web\CWebApplication.php(121): CWebApplication->runController('admin/user/inde...')
#1 E:\projects\yiiroot\framework\base\CApplication.php(135): CWebApplication->processRequest()
#2 E:\projects\yiiroot\trackstar\index.php(13): CApplication->run()
#3 {main} REQUEST_URI=/yiiroot/trackstar/index.php?r=admin/user/index
2018/12/15 13:01:44 [error] [exception.CHttpException.404] exception 'CHttpException' with message 'Unable to resolve the request "admin/user/index".' in E:\projects\yiiroot\framework\web\CWebApplication.php:328
Stack trace:
#0 E:\projects\yiiroot\framework\web\CWebApplication.php(121): CWebApplication->runController('admin/user/inde...')
#1 E:\projects\yiiroot\framework\base\CApplication.php(135): CWebApplication->processRequest()
#2 E:\projects\yiiroot\trackstar\index.php(13): CApplication->run()
#3 {main} REQUEST_URI=/yiiroot/trackstar/index.php?r=admin/user/index
2018/12/15 13:02:08 [error] [exception.CHttpException.404] exception 'CHttpException' with message 'Unable to resolve the request "admin/project/index".' in E:\projects\yiiroot\framework\web\CWebApplication.php:328
Stack trace:
#0 E:\projects\yiiroot\framework\web\CWebApplication.php(121): CWebApplication->runController('admin/project/i...')
#1 E:\projects\yiiroot\framework\base\CApplication.php(135): CWebApplication->processRequest()
#2 E:\projects\yiiroot\trackstar\index.php(13): CApplication->run()
#3 {main} REQUEST_URI=/yiiroot/trackstar/index.php?r=admin/project/index
2018/12/15 13:07:43 [error] [exception.CHttpException.404] exception 'CHttpException' with message 'Unable to resolve the request "admin/user/index".' in E:\projects\yiiroot\framework\web\CWebApplication.php:328
Stack trace:
#0 E:\projects\yiiroot\framework\web\CWebApplication.php(121): CWebApplication->runController('admin/user/inde...')
#1 E:\projects\yiiroot\framework\base\CApplication.php(135): CWebApplication->processRequest()
#2 E:\projects\yiiroot\trackstar\index.php(13): CApplication->run()
#3 {main} REQUEST_URI=/yiiroot/trackstar/index.php?r=admin/user/index
2018/12/15 13:20:24 [error] [exception.CHttpException.404] exception 'CHttpException' with message 'Unable to resolve the request "../../modules/admin/sysMessage/index".' in E:\projects\yiiroot\framework\web\CWebApplication.php:328
Stack trace:
#0 E:\projects\yiiroot\framework\web\CWebApplication.php(121): CWebApplication->runController('../../modules/a...')
#1 E:\projects\yiiroot\framework\base\CApplication.php(135): CWebApplication->processRequest()
#2 E:\projects\yiiroot\trackstar\index.php(13): CApplication->run()
#3 {main} REQUEST_URI=/yiiroot/trackstar/index.php?r=../../modules/admin/sysMessage/index
2018/12/15 13:20:27 [error] [exception.CHttpException.404] exception 'CHttpException' with message 'Unable to resolve the request "../../modules/admin/sysMessage/index".' in E:\projects\yiiroot\framework\web\CWebApplication.php:328
Stack trace:
#0 E:\projects\yiiroot\framework\web\CWebApplication.php(121): CWebApplication->runController('../../modules/a...')
#1 E:\projects\yiiroot\framework\base\CApplication.php(135): CWebApplication->processRequest()
#2 E:\projects\yiiroot\trackstar\index.php(13): CApplication->run()
#3 {main} REQUEST_URI=/yiiroot/trackstar/index.php?r=../../modules/admin/sysMessage/index
2018/12/15 13:20:32 [error] [exception.CHttpException.404] exception 'CHttpException' with message 'Unable to resolve the request "../../modules/admin/sysMessage/index".' in E:\projects\yiiroot\framework\web\CWebApplication.php:328
Stack trace:
#0 E:\projects\yiiroot\framework\web\CWebApplication.php(121): CWebApplication->runController('../../modules/a...')
#1 E:\projects\yiiroot\framework\base\CApplication.php(135): CWebApplication->processRequest()
#2 E:\projects\yiiroot\trackstar\index.php(13): CApplication->run()
#3 {main} REQUEST_URI=/yiiroot/trackstar/index.php?r=../../modules/admin/sysMessage/index
2018/12/15 13:21:01 [error] [exception.CHttpException.404] exception 'CHttpException' with message 'Unable to resolve the request "../../modules/admin/sysMessage/index".' in E:\projects\yiiroot\framework\web\CWebApplication.php:328
Stack trace:
#0 E:\projects\yiiroot\framework\web\CWebApplication.php(121): CWebApplication->runController('../../modules/a...')
#1 E:\projects\yiiroot\framework\base\CApplication.php(135): CWebApplication->processRequest()
#2 E:\projects\yiiroot\trackstar\index.php(13): CApplication->run()
#3 {main} REQUEST_URI=/yiiroot/trackstar/index.php?r=../../modules/admin/sysMessage/index
2018/12/15 13:21:02 [error] [exception.CHttpException.404] exception 'CHttpException' with message 'Unable to resolve the request "../../admin/sysMessage/index".' in E:\projects\yiiroot\framework\web\CWebApplication.php:328
Stack trace:
#0 E:\projects\yiiroot\framework\web\CWebApplication.php(121): CWebApplication->runController('../../admin/sys...')
#1 E:\projects\yiiroot\framework\base\CApplication.php(135): CWebApplication->processRequest()
#2 E:\projects\yiiroot\trackstar\index.php(13): CApplication->run()
#3 {main} REQUEST_URI=/yiiroot/trackstar/index.php?r=../../admin/sysMessage/index
2018/12/15 13:21:03 [error] [exception.CHttpException.404] exception 'CHttpException' with message 'Unable to resolve the request "../../admin/sysMessage/index".' in E:\projects\yiiroot\framework\web\CWebApplication.php:328
Stack trace:
#0 E:\projects\yiiroot\framework\web\CWebApplication.php(121): CWebApplication->runController('../../admin/sys...')
#1 E:\projects\yiiroot\framework\base\CApplication.php(135): CWebApplication->processRequest()
#2 E:\projects\yiiroot\trackstar\index.php(13): CApplication->run()
#3 {main} REQUEST_URI=/yiiroot/trackstar/index.php?r=../../admin/sysMessage/index
2018/12/15 13:21:26 [error] [exception.CHttpException.404] exception 'CHttpException' with message 'Unable to resolve the request "../../admin/sysMessage/index".' in E:\projects\yiiroot\framework\web\CWebApplication.php:328
Stack trace:
#0 E:\projects\yiiroot\framework\web\CWebApplication.php(121): CWebApplication->runController('../../admin/sys...')
#1 E:\projects\yiiroot\framework\base\CApplication.php(135): CWebApplication->processRequest()
#2 E:\projects\yiiroot\trackstar\index.php(13): CApplication->run()
#3 {main} REQUEST_URI=/yiiroot/trackstar/index.php?r=../../admin/sysMessage/index
2018/12/15 13:24:42 [error] [exception.CHttpException.404] exception 'CHttpException' with message 'Unable to resolve the request "admin/user/index".' in E:\projects\yiiroot\framework\web\CWebApplication.php:328
Stack trace:
#0 E:\projects\yiiroot\framework\web\CWebApplication.php(121): CWebApplication->runController('admin/user/inde...')
#1 E:\projects\yiiroot\framework\base\CApplication.php(135): CWebApplication->processRequest()
#2 E:\projects\yiiroot\trackstar\index.php(13): CApplication->run()
#3 {main} REQUEST_URI=/yiiroot/trackstar/index.php?r=admin/user/index
2018/12/15 13:44:35 [error] [exception.CHttpException.404] exception 'CHttpException' with message 'Unable to resolve the request "admin/user/index".' in E:\projects\yiiroot\framework\web\CWebApplication.php:328
Stack trace:
#0 E:\projects\yiiroot\framework\web\CWebApplication.php(121): CWebApplication->runController('admin/user/inde...')
#1 E:\projects\yiiroot\framework\base\CApplication.php(135): CWebApplication->processRequest()
#2 E:\projects\yiiroot\trackstar\index.php(13): CApplication->run()
#3 {main} REQUEST_URI=/yiiroot/trackstar/index.php?r=admin/user/index
2018/12/15 13:44:50 [error] [exception.CHttpException.404] exception 'CHttpException' with message 'Unable to resolve the request "admin/user/index".' in E:\projects\yiiroot\framework\web\CWebApplication.php:328
Stack trace:
#0 E:\projects\yiiroot\framework\web\CWebApplication.php(121): CWebApplication->runController('admin/user/inde...')
#1 E:\projects\yiiroot\framework\base\CApplication.php(135): CWebApplication->processRequest()
#2 E:\projects\yiiroot\trackstar\index.php(13): CApplication->run()
#3 {main} REQUEST_URI=/yiiroot/trackstar/index.php?r=admin/user/index
2018/12/15 13:57:12 [error] [exception.CHttpException.403] exception 'CHttpException' with message 'You are not authorized to perform this action.' in E:\projects\yiiroot\trackstar\protected\modules\admin\AdminModule.php:26
Stack trace:
#0 E:\projects\yiiroot\framework\web\CController.php(255): AdminModule->beforeControllerAction(Object(SysMessageController), Object(CInlineAction))
#1 E:\projects\yiiroot\framework\web\CWebApplication.php(324): CController->run('index')
#2 E:\projects\yiiroot\framework\web\CWebApplication.php(121): CWebApplication->runController('admin/sysMessag...')
#3 E:\projects\yiiroot\framework\base\CApplication.php(135): CWebApplication->processRequest()
#4 E:\projects\yiiroot\trackstar\index.php(13): CApplication->run()
#5 {main} REQUEST_URI=/yiiroot/trackstar/index.php?r=admin/sysMessage/index
2018/12/15 14:08:41 [error] [exception.CHttpException.403] exception 'CHttpException' with message 'You are not authorized to perform this action.' in E:\projects\yiiroot\trackstar\protected\modules\admin\AdminModule.php:26
Stack trace:
#0 E:\projects\yiiroot\framework\web\CController.php(255): AdminModule->beforeControllerAction(Object(SysMessageController), Object(CInlineAction))
#1 E:\projects\yiiroot\framework\web\CWebApplication.php(324): CController->run('index')
#2 E:\projects\yiiroot\framework\web\CWebApplication.php(121): CWebApplication->runController('admin/sysMessag...')
#3 E:\projects\yiiroot\framework\base\CApplication.php(135): CWebApplication->processRequest()
#4 E:\projects\yiiroot\trackstar\index.php(13): CApplication->run()
#5 {main} REQUEST_URI=/yiiroot/trackstar/index.php?r=admin/sysMessage/index
2018/12/15 14:09:13 [error] [exception.CHttpException.403] exception 'CHttpException' with message 'You are not authorized to perform this action.' in E:\projects\yiiroot\framework\web\auth\CAccessControlFilter.php:153
Stack trace:
#0 E:\projects\yiiroot\framework\web\auth\CAccessControlFilter.php(115): CAccessControlFilter->accessDenied(Object(CWebUser), 'You are not aut...')
#1 E:\projects\yiiroot\framework\web\filters\CFilter.php(39): CAccessControlFilter->preFilter(Object(CFilterChain))
#2 E:\projects\yiiroot\framework\web\CController.php(1084): CFilter->filter(Object(CFilterChain))
#3 E:\projects\yiiroot\framework\web\filters\CInlineFilter.php(59): CController->filterAccessControl(Object(CFilterChain))
#4 E:\projects\yiiroot\framework\web\filters\CFilterChain.php(130): CInlineFilter->filter(Object(CFilterChain))
#5 E:\projects\yiiroot\framework\web\CController.php(283): CFilterChain->run()
#6 E:\projects\yiiroot\framework\web\CController.php(257): CController->runActionWithFilters(Object(CInlineAction), Array)
#7 E:\projects\yiiroot\framework\web\CWebApplication.php(324): CController->run('admin')
#8 E:\projects\yiiroot\framework\web\CWebApplication.php(121): CWebApplication->runController('issue/admin')
#9 E:\projects\yiiroot\framework\base\CApplication.php(135): CWebApplication->processRequest()
#10 E:\projects\yiiroot\trackstar\index.php(13): CApplication->run()
#11 {main} REQUEST_URI=/yiiroot/trackstar/index.php?r=issue/admin&pid=1
2018/12/15 14:11:09 [error] [exception.CHttpException.403] exception 'CHttpException' with message 'You are not authorized to perform this action.' in E:\projects\yiiroot\framework\web\auth\CAccessControlFilter.php:153
Stack trace:
#0 E:\projects\yiiroot\framework\web\auth\CAccessControlFilter.php(115): CAccessControlFilter->accessDenied(Object(CWebUser), 'You are not aut...')
#1 E:\projects\yiiroot\framework\web\filters\CFilter.php(39): CAccessControlFilter->preFilter(Object(CFilterChain))
#2 E:\projects\yiiroot\framework\web\CController.php(1084): CFilter->filter(Object(CFilterChain))
#3 E:\projects\yiiroot\framework\web\filters\CInlineFilter.php(59): CController->filterAccessControl(Object(CFilterChain))
#4 E:\projects\yiiroot\framework\web\filters\CFilterChain.php(130): CInlineFilter->filter(Object(CFilterChain))
#5 E:\projects\yiiroot\framework\web\CController.php(283): CFilterChain->run()
#6 E:\projects\yiiroot\framework\web\CController.php(257): CController->runActionWithFilters(Object(CInlineAction), Array)
#7 E:\projects\yiiroot\framework\web\CWebApplication.php(324): CController->run('admin')
#8 E:\projects\yiiroot\framework\web\CWebApplication.php(121): CWebApplication->runController('project/admin')
#9 E:\projects\yiiroot\framework\base\CApplication.php(135): CWebApplication->processRequest()
#10 E:\projects\yiiroot\trackstar\index.php(13): CApplication->run()
#11 {main} REQUEST_URI=/yiiroot/trackstar/index.php?r=project/admin
2018/12/15 14:13:08 [error] [exception.CHttpException.403] exception 'CHttpException' with message 'You are not authorized to perform this action.' in E:\projects\yiiroot\trackstar\protected\modules\admin\AdminModule.php:26
Stack trace:
#0 E:\projects\yiiroot\framework\web\CController.php(255): AdminModule->beforeControllerAction(Object(SysMessageController), Object(CInlineAction))
#1 E:\projects\yiiroot\framework\web\CWebApplication.php(324): CController->run('index')
#2 E:\projects\yiiroot\framework\web\CWebApplication.php(121): CWebApplication->runController('admin/sysMessag...')
#3 E:\projects\yiiroot\framework\base\CApplication.php(135): CWebApplication->processRequest()
#4 E:\projects\yiiroot\trackstar\index.php(13): CApplication->run()
#5 {main} REQUEST_URI=/yiiroot/trackstar/index.php?r=admin/sysMessage/index
2018/12/15 14:13:09 [error] [exception.CException] exception 'CException' with message 'Property "CWebApplication.useruser" is not defined.' in E:\projects\yiiroot\framework\base\CComponent.php:131
Stack trace:
#0 E:\projects\yiiroot\framework\base\CModule.php(88): CComponent->__get('useruser')
#1 E:\projects\yiiroot\trackstar\protected\views\project\index.php(8): CModule->__get('useruser')
#2 E:\projects\yiiroot\framework\web\CBaseController.php(119): require('E:\\projects\\yii...')
#3 E:\projects\yiiroot\framework\web\CBaseController.php(88): CBaseController->renderInternal('E:\\projects\\yii...', Array, true)
#4 E:\projects\yiiroot\framework\web\CController.php(833): CBaseController->renderFile('E:\\projects\\yii...', Array, true)
#5 E:\projects\yiiroot\framework\web\CController.php(746): CController->renderPartial('index', Array, true)
#6 E:\projects\yiiroot\trackstar\protected\controllers\ProjectController.php(163): CController->render('index', Array)
#7 E:\projects\yiiroot\framework\web\actions\CInlineAction.php(57): ProjectController->actionIndex()
#8 E:\projects\yiiroot\framework\web\CController.php(300): CInlineAction->run()
#9 E:\projects\yiiroot\framework\web\filters\CFilterChain.php(133): CController->runAction(Object(CInlineAction))
#10 E:\projects\yiiroot\framework\web\filters\CFilter.php(41): CFilterChain->run()
#11 E:\projects\yiiroot\framework\web\CController.php(1084): CFilter->filter(Object(CFilterChain))
#12 E:\projects\yiiroot\framework\web\filters\CInlineFilter.php(59): CController->filterAccessControl(Object(CFilterChain))
#13 E:\projects\yiiroot\framework\web\filters\CFilterChain.php(130): CInlineFilter->filter(Object(CFilterChain))
#14 E:\projects\yiiroot\framework\web\CController.php(283): CFilterChain->run()
#15 E:\projects\yiiroot\framework\web\CController.php(257): CController->runActionWithFilters(Object(CInlineAction), Array)
#16 E:\projects\yiiroot\framework\web\CWebApplication.php(324): CController->run('index')
#17 E:\projects\yiiroot\framework\web\CWebApplication.php(121): CWebApplication->runController('project/index')
#18 E:\projects\yiiroot\framework\base\CApplication.php(135): CWebApplication->processRequest()
#19 E:\projects\yiiroot\trackstar\index.php(13): CApplication->run()
#20 {main} REQUEST_URI=/yiiroot/trackstar/index.php?r=project/index
2018/12/15 14:15:08 [error] [exception.CHttpException.403] exception 'CHttpException' with message 'You are not authorized to perform this action.' in E:\projects\yiiroot\framework\web\auth\CAccessControlFilter.php:153
Stack trace:
#0 E:\projects\yiiroot\framework\web\auth\CAccessControlFilter.php(115): CAccessControlFilter->accessDenied(Object(CWebUser), 'You are not aut...')
#1 E:\projects\yiiroot\framework\web\filters\CFilter.php(39): CAccessControlFilter->preFilter(Object(CFilterChain))
#2 E:\projects\yiiroot\framework\web\CController.php(1084): CFilter->filter(Object(CFilterChain))
#3 E:\projects\yiiroot\framework\web\filters\CInlineFilter.php(59): CController->filterAccessControl(Object(CFilterChain))
#4 E:\projects\yiiroot\framework\web\filters\CFilterChain.php(130): CInlineFilter->filter(Object(CFilterChain))
#5 E:\projects\yiiroot\framework\web\CController.php(283): CFilterChain->run()
#6 E:\projects\yiiroot\framework\web\CController.php(257): CController->runActionWithFilters(Object(CInlineAction), Array)
#7 E:\projects\yiiroot\framework\web\CWebApplication.php(324): CController->run('admin')
#8 E:\projects\yiiroot\framework\web\CWebApplication.php(121): CWebApplication->runController('issue/admin')
#9 E:\projects\yiiroot\framework\base\CApplication.php(135): CWebApplication->processRequest()
#10 E:\projects\yiiroot\trackstar\index.php(13): CApplication->run()
#11 {main} REQUEST_URI=/yiiroot/trackstar/index.php?r=issue/admin&pid=1
2018/12/15 14:16:09 [error] [exception.CHttpException.403] exception 'CHttpException' with message 'You are not authorized to perform this action.' in E:\projects\yiiroot\trackstar\protected\modules\admin\AdminModule.php:26
Stack trace:
#0 E:\projects\yiiroot\framework\web\CController.php(255): AdminModule->beforeControllerAction(Object(SysMessageController), Object(CInlineAction))
#1 E:\projects\yiiroot\framework\web\CWebApplication.php(324): CController->run('index')
#2 E:\projects\yiiroot\framework\web\CWebApplication.php(121): CWebApplication->runController('admin/sysMessag...')
#3 E:\projects\yiiroot\framework\base\CApplication.php(135): CWebApplication->processRequest()
#4 E:\projects\yiiroot\trackstar\index.php(13): CApplication->run()
#5 {main} REQUEST_URI=/yiiroot/trackstar/index.php?r=admin/sysMessage/index
2018/12/15 14:17:52 [error] [exception.CHttpException.403] exception 'CHttpException' with message 'You are not authorized to perform this action.' in E:\projects\yiiroot\framework\web\auth\CAccessControlFilter.php:153
Stack trace:
#0 E:\projects\yiiroot\framework\web\auth\CAccessControlFilter.php(115): CAccessControlFilter->accessDenied(Object(CWebUser), 'You are not aut...')
#1 E:\projects\yiiroot\framework\web\filters\CFilter.php(39): CAccessControlFilter->preFilter(Object(CFilterChain))
#2 E:\projects\yiiroot\framework\web\CController.php(1084): CFilter->filter(Object(CFilterChain))
#3 E:\projects\yiiroot\framework\web\filters\CInlineFilter.php(59): CController->filterAccessControl(Object(CFilterChain))
#4 E:\projects\yiiroot\framework\web\filters\CFilterChain.php(130): CInlineFilter->filter(Object(CFilterChain))
#5 E:\projects\yiiroot\framework\web\CController.php(283): CFilterChain->run()
#6 E:\projects\yiiroot\framework\web\CController.php(257): CController->runActionWithFilters(Object(CInlineAction), Array)
#7 E:\projects\yiiroot\framework\web\CWebApplication.php(324): CController->run('admin')
#8 E:\projects\yiiroot\framework\web\CWebApplication.php(121): CWebApplication->runController('issue/admin')
#9 E:\projects\yiiroot\framework\base\CApplication.php(135): CWebApplication->processRequest()
#10 E:\projects\yiiroot\trackstar\index.php(13): CApplication->run()
#11 {main} REQUEST_URI=/yiiroot/trackstar/index.php?r=issue/admin&pid=1
2018/12/15 14:21:42 [error] [exception.CHttpException.403] exception 'CHttpException' with message 'You are not authorized to perform this action.' in E:\projects\yiiroot\framework\web\auth\CAccessControlFilter.php:153
Stack trace:
#0 E:\projects\yiiroot\framework\web\auth\CAccessControlFilter.php(115): CAccessControlFilter->accessDenied(Object(CWebUser), 'You are not aut...')
#1 E:\projects\yiiroot\framework\web\filters\CFilter.php(39): CAccessControlFilter->preFilter(Object(CFilterChain))
#2 E:\projects\yiiroot\framework\web\CController.php(1084): CFilter->filter(Object(CFilterChain))
#3 E:\projects\yiiroot\framework\web\filters\CInlineFilter.php(59): CController->filterAccessControl(Object(CFilterChain))
#4 E:\projects\yiiroot\framework\web\filters\CFilterChain.php(130): CInlineFilter->filter(Object(CFilterChain))
#5 E:\projects\yiiroot\framework\web\CController.php(283): CFilterChain->run()
#6 E:\projects\yiiroot\framework\web\CController.php(257): CController->runActionWithFilters(Object(CInlineAction), Array)
#7 E:\projects\yiiroot\framework\web\CWebApplication.php(324): CController->run('admin')
#8 E:\projects\yiiroot\framework\web\CWebApplication.php(121): CWebApplication->runController('issue/admin')
#9 E:\projects\yiiroot\framework\base\CApplication.php(135): CWebApplication->processRequest()
#10 E:\projects\yiiroot\trackstar\index.php(13): CApplication->run()
#11 {main} REQUEST_URI=/yiiroot/trackstar/index.php?r=issue/admin&pid=1
2018/12/15 14:23:54 [error] [exception.CHttpException.403] exception 'CHttpException' with message 'You are not authorized to perform this action.' in E:\projects\yiiroot\framework\web\auth\CAccessControlFilter.php:153
Stack trace:
#0 E:\projects\yiiroot\framework\web\auth\CAccessControlFilter.php(115): CAccessControlFilter->accessDenied(Object(CWebUser), 'You are not aut...')
#1 E:\projects\yiiroot\framework\web\filters\CFilter.php(39): CAccessControlFilter->preFilter(Object(CFilterChain))
#2 E:\projects\yiiroot\framework\web\CController.php(1084): CFilter->filter(Object(CFilterChain))
#3 E:\projects\yiiroot\framework\web\filters\CInlineFilter.php(59): CController->filterAccessControl(Object(CFilterChain))
#4 E:\projects\yiiroot\framework\web\filters\CFilterChain.php(130): CInlineFilter->filter(Object(CFilterChain))
#5 E:\projects\yiiroot\framework\web\CController.php(283): CFilterChain->run()
#6 E:\projects\yiiroot\framework\web\CController.php(257): CController->runActionWithFilters(Object(CInlineAction), Array)
#7 E:\projects\yiiroot\framework\web\CWebApplication.php(324): CController->run('admin')
#8 E:\projects\yiiroot\framework\web\CWebApplication.php(121): CWebApplication->runController('issue/admin')
#9 E:\projects\yiiroot\framework\base\CApplication.php(135): CWebApplication->processRequest()
#10 E:\projects\yiiroot\trackstar\index.php(13): CApplication->run()
#11 {main} REQUEST_URI=/yiiroot/trackstar/index.php?r=issue/admin&pid=1
2018/12/15 14:23:56 [error] [exception.CHttpException.403] exception 'CHttpException' with message 'You are not authorized to perform this action.' in E:\projects\yiiroot\trackstar\protected\modules\admin\AdminModule.php:26
Stack trace:
#0 E:\projects\yiiroot\framework\web\CController.php(255): AdminModule->beforeControllerAction(Object(SysMessageController), Object(CInlineAction))
#1 E:\projects\yiiroot\framework\web\CWebApplication.php(324): CController->run('index')
#2 E:\projects\yiiroot\framework\web\CWebApplication.php(121): CWebApplication->runController('admin/sysMessag...')
#3 E:\projects\yiiroot\framework\base\CApplication.php(135): CWebApplication->processRequest()
#4 E:\projects\yiiroot\trackstar\index.php(13): CApplication->run()
#5 {main} REQUEST_URI=/yiiroot/trackstar/index.php?r=admin/sysMessage/index
2018/12/15 14:24:38 [error] [exception.CHttpException.403] exception 'CHttpException' with message 'You are not authorized to perform this action.' in E:\projects\yiiroot\framework\web\auth\CAccessControlFilter.php:153
Stack trace:
#0 E:\projects\yiiroot\framework\web\auth\CAccessControlFilter.php(115): CAccessControlFilter->accessDenied(Object(CWebUser), 'You are not aut...')
#1 E:\projects\yiiroot\framework\web\filters\CFilter.php(39): CAccessControlFilter->preFilter(Object(CFilterChain))
#2 E:\projects\yiiroot\framework\web\CController.php(1084): CFilter->filter(Object(CFilterChain))
#3 E:\projects\yiiroot\framework\web\filters\CInlineFilter.php(59): CController->filterAccessControl(Object(CFilterChain))
#4 E:\projects\yiiroot\framework\web\filters\CFilterChain.php(130): CInlineFilter->filter(Object(CFilterChain))
#5 E:\projects\yiiroot\framework\web\CController.php(283): CFilterChain->run()
#6 E:\projects\yiiroot\framework\web\CController.php(257): CController->runActionWithFilters(Object(CInlineAction), Array)
#7 E:\projects\yiiroot\framework\web\CWebApplication.php(324): CController->run('admin')
#8 E:\projects\yiiroot\framework\web\CWebApplication.php(121): CWebApplication->runController('issue/admin')
#9 E:\projects\yiiroot\framework\base\CApplication.php(135): CWebApplication->processRequest()
#10 E:\projects\yiiroot\trackstar\index.php(13): CApplication->run()
#11 {main} REQUEST_URI=/yiiroot/trackstar/index.php?r=issue/admin&pid=1&visible=
2018/12/16 03:24:17 [error] [exception.CHttpException.403] exception 'CHttpException' with message 'You are not authorized to perform this action.' in E:\projects\yiiroot\framework\web\auth\CAccessControlFilter.php:153
Stack trace:
#0 E:\projects\yiiroot\framework\web\auth\CAccessControlFilter.php(115): CAccessControlFilter->accessDenied(Object(CWebUser), 'You are not aut...')
#1 E:\projects\yiiroot\framework\web\filters\CFilter.php(39): CAccessControlFilter->preFilter(Object(CFilterChain))
#2 E:\projects\yiiroot\framework\web\CController.php(1084): CFilter->filter(Object(CFilterChain))
#3 E:\projects\yiiroot\framework\web\filters\CInlineFilter.php(59): CController->filterAccessControl(Object(CFilterChain))
#4 E:\projects\yiiroot\framework\web\filters\CFilterChain.php(130): CInlineFilter->filter(Object(CFilterChain))
#5 E:\projects\yiiroot\framework\web\CController.php(283): CFilterChain->run()
#6 E:\projects\yiiroot\framework\web\CController.php(257): CController->runActionWithFilters(Object(CInlineAction), Array)
#7 E:\projects\yiiroot\framework\web\CWebApplication.php(324): CController->run('admin')
#8 E:\projects\yiiroot\framework\web\CWebApplication.php(121): CWebApplication->runController('issue/admin')
#9 E:\projects\yiiroot\framework\base\CApplication.php(135): CWebApplication->processRequest()
#10 E:\projects\yiiroot\trackstar\index.php(13): CApplication->run()
#11 {main} REQUEST_URI=/yiiroot/trackstar/index.php?r=issue/admin&pid=1&visible=
2018/12/16 03:24:21 [error] [exception.CHttpException.403] exception 'CHttpException' with message 'You are not authorized to perform this action.' in E:\projects\yiiroot\trackstar\protected\modules\admin\AdminModule.php:26
Stack trace:
#0 E:\projects\yiiroot\framework\web\CController.php(255): AdminModule->beforeControllerAction(Object(SysMessageController), Object(CInlineAction))
#1 E:\projects\yiiroot\framework\web\CWebApplication.php(324): CController->run('index')
#2 E:\projects\yiiroot\framework\web\CWebApplication.php(121): CWebApplication->runController('admin/sysMessag...')
#3 E:\projects\yiiroot\framework\base\CApplication.php(135): CWebApplication->processRequest()
#4 E:\projects\yiiroot\trackstar\index.php(13): CApplication->run()
#5 {main} REQUEST_URI=/yiiroot/trackstar/index.php?r=admin/sysMessage/index
2018/12/16 03:24:23 [error] [exception.CHttpException.403] exception 'CHttpException' with message 'You are not authorized to perform this action.' in E:\projects\yiiroot\trackstar\protected\modules\admin\AdminModule.php:26
Stack trace:
#0 E:\projects\yiiroot\framework\web\CController.php(255): AdminModule->beforeControllerAction(Object(SysMessageController), Object(CInlineAction))
#1 E:\projects\yiiroot\framework\web\CWebApplication.php(324): CController->run('index')
#2 E:\projects\yiiroot\framework\web\CWebApplication.php(121): CWebApplication->runController('admin/sysMessag...')
#3 E:\projects\yiiroot\framework\base\CApplication.php(135): CWebApplication->processRequest()
#4 E:\projects\yiiroot\trackstar\index.php(13): CApplication->run()
#5 {main} REQUEST_URI=/yiiroot/trackstar/index.php?r=admin/sysMessage/index
2018/12/16 03:54:10 [error] [exception.CHttpException.403] exception 'CHttpException' with message 'You are not authorized to perform this action.' in E:\projects\yiiroot\framework\web\auth\CAccessControlFilter.php:153
Stack trace:
#0 E:\projects\yiiroot\framework\web\auth\CAccessControlFilter.php(115): CAccessControlFilter->accessDenied(Object(CWebUser), 'You are not aut...')
#1 E:\projects\yiiroot\framework\web\filters\CFilter.php(39): CAccessControlFilter->preFilter(Object(CFilterChain))
#2 E:\projects\yiiroot\framework\web\CController.php(1084): CFilter->filter(Object(CFilterChain))
#3 E:\projects\yiiroot\framework\web\filters\CInlineFilter.php(59): CController->filterAccessControl(Object(CFilterChain))
#4 E:\projects\yiiroot\framework\web\filters\CFilterChain.php(130): CInlineFilter->filter(Object(CFilterChain))
#5 E:\projects\yiiroot\framework\web\CController.php(283): CFilterChain->run()
#6 E:\projects\yiiroot\framework\web\CController.php(257): CController->runActionWithFilters(Object(CInlineAction), Array)
#7 E:\projects\yiiroot\framework\web\CWebApplication.php(324): CController->run('admin')
#8 E:\projects\yiiroot\framework\web\CWebApplication.php(121): CWebApplication->runController('issue/admin')
#9 E:\projects\yiiroot\framework\base\CApplication.php(135): CWebApplication->processRequest()
#10 E:\projects\yiiroot\trackstar\index.php(13): CApplication->run()
#11 {main} REQUEST_URI=/yiiroot/trackstar/index.php?r=issue/admin&pid=1
2018/12/16 04:00:59 [error] [exception.CHttpException.404] exception 'CHttpException' with message 'The requested project does not
exist.' in E:\projects\yiiroot\trackstar\protected\controllers\IssueController.php:25
Stack trace:
#0 E:\projects\yiiroot\trackstar\protected\controllers\IssueController.php(218): IssueController->loadProject(NULL)
#1 E:\projects\yiiroot\framework\web\filters\CInlineFilter.php(59): IssueController->filterProjectContext(Object(CFilterChain))
#2 E:\projects\yiiroot\framework\web\filters\CFilterChain.php(130): CInlineFilter->filter(Object(CFilterChain))
#3 E:\projects\yiiroot\framework\web\filters\CFilter.php(41): CFilterChain->run()
#4 E:\projects\yiiroot\framework\web\CController.php(1084): CFilter->filter(Object(CFilterChain))
#5 E:\projects\yiiroot\framework\web\filters\CInlineFilter.php(59): CController->filterAccessControl(Object(CFilterChain))
#6 E:\projects\yiiroot\framework\web\filters\CFilterChain.php(130): CInlineFilter->filter(Object(CFilterChain))
#7 E:\projects\yiiroot\framework\web\CController.php(283): CFilterChain->run()
#8 E:\projects\yiiroot\framework\web\CController.php(257): CController->runActionWithFilters(Object(CInlineAction), Array)
#9 E:\projects\yiiroot\framework\web\CWebApplication.php(324): CController->run('admin')
#10 E:\projects\yiiroot\framework\web\CWebApplication.php(121): CWebApplication->runController('issue/admin')
#11 E:\projects\yiiroot\framework\base\CApplication.php(135): CWebApplication->processRequest()
#12 E:\projects\yiiroot\trackstar\index.php(13): CApplication->run()
#13 {main} REQUEST_URI=/yiiroot/trackstar/index.php?r=issue/admin&id=15
2018/12/16 04:01:47 [error] [exception.CHttpException.404] exception 'CHttpException' with message 'The requested project does not
exist.' in E:\projects\yiiroot\trackstar\protected\controllers\IssueController.php:25
Stack trace:
#0 E:\projects\yiiroot\trackstar\protected\controllers\IssueController.php(218): IssueController->loadProject(NULL)
#1 E:\projects\yiiroot\framework\web\filters\CInlineFilter.php(59): IssueController->filterProjectContext(Object(CFilterChain))
#2 E:\projects\yiiroot\framework\web\filters\CFilterChain.php(130): CInlineFilter->filter(Object(CFilterChain))
#3 E:\projects\yiiroot\framework\web\filters\CFilter.php(41): CFilterChain->run()
#4 E:\projects\yiiroot\framework\web\CController.php(1084): CFilter->filter(Object(CFilterChain))
#5 E:\projects\yiiroot\framework\web\filters\CInlineFilter.php(59): CController->filterAccessControl(Object(CFilterChain))
#6 E:\projects\yiiroot\framework\web\filters\CFilterChain.php(130): CInlineFilter->filter(Object(CFilterChain))
#7 E:\projects\yiiroot\framework\web\CController.php(283): CFilterChain->run()
#8 E:\projects\yiiroot\framework\web\CController.php(257): CController->runActionWithFilters(Object(CInlineAction), Array)
#9 E:\projects\yiiroot\framework\web\CWebApplication.php(324): CController->run('admin')
#10 E:\projects\yiiroot\framework\web\CWebApplication.php(121): CWebApplication->runController('issue/admin')
#11 E:\projects\yiiroot\framework\base\CApplication.php(135): CWebApplication->processRequest()
#12 E:\projects\yiiroot\trackstar\index.php(13): CApplication->run()
#13 {main} REQUEST_URI=/yiiroot/trackstar/index.php?r=issue/admin&id=15
